aa2000
adamsandler
ahmeth
aldar_khaidakov
alex198013
alfredo17
ali013
alsing
andolo
angelokzx
arg_ks
artmd
ausfux
autofire1
ayan4you
baron-1977
barryseal767
binarycosmonaut
blade119
blazzika
bluejaymo
brahim333
brunonicolas
bunyamin4647
cb2x40k
chertyvgolove
chess_scout
chessuser2121
chessvariants
christos22
cleverhero
comm74ru
cowcowcuw123
crisbc36
cristiankings
denisoc
destroyer4
dildo_faggins
dnartreb
domination040
dorzheevab
edwinchav
emmasocool
faluba1
ferdiluis
fildascz
foytik
ginreck
gorrillabob
holish
i_play_chess
icecreamdealer
iliass2016
inacio
indonesia8210
inka-since-1990
irogna
ivan_franko
ivleshy
jackydawg
jamazing01
jarda25
just_emza
kadog
kann2014
kayapa
kendawy
kentt
keomevn
kia010
krzem
kurshev
l0rdsn0w
lastfallenangel
lazzarottifabio
littlecherry1107
lola_46
madmongrel
mahdifoladi
maikkel
majowy72
marboen
marcosaba
marcose_14
mariaa
martineden11
matfey
mjt348
mmichael
mohsen987
moussamech
mrcrowley
naddiir
nicemen_65
nicola1396
nooberdog
olsg
patoso9
pecheca
peter-br
radovankaluza
ruddy323
rufinot
ruichess
run5k
ruzeebaba
safran25
samads911
sawadatsu
sergiysydorenko
siomka_gio
slavenmalixin
sngel01
sreemon99
starcat
superpackoff
switcherfill
tapanj0shi
tarquiniusimperator
theco
throwaway10825
timan22400
tunisinov
tux09
ucantcmeok
unmesh77
v2u
vadikrbw
valadi1997
vastas
viktor4545
vitalie053
vvaassiill
x60
yagoluz
yhanto
yozi
zarathustra7
zmflavius
